ARDog/app/build/outputs/logs/manifest-merger-debug-report.txt
-- Merging decision tree log ---
manifest
ADDED from src\main\AndroidManifest.xml:2:1-40:12
MERGED from [:cpp_example_util] AndroidManifest.xml:17:1-26:12
MERGED from [com.android.support.constraint:constraint-layout:1.0.2] AndroidManifest.xml:2:1-11:12
	package
		ADDED from src\main\AndroidManifest.xml:3:5-35
	xmlns:android
		ADDED from src\main\AndroidManifest.xml:2:11-69
uses-sdk
ADDED from src\main\AndroidManifest.xml:5:5-7:41
INJECTED from src\main\AndroidManifest.xml:5:5-7:41
INJECTED from src\main\AndroidManifest.xml:5:5-7:41
MERGED from [:cpp_example_util] AndroidManifest.xml:22:5-24:41
MERGED from [:cpp_example_util] AndroidManifest.xml:22:5-24:41
MERGED from [com.android.support.constraint:constraint-layout:1.0.2] AndroidManifest.xml:5:5-7:41
MERGED from [com.android.support.constraint:constraint-layout:1.0.2] AndroidManifest.xml:5:5-7:41
INJECTED from src\main\AndroidManifest.xml:5:5-7:41
INJECTED from src\main\AndroidManifest.xml:5:5-7:41
	android:targetSdkVersion
		ADDED from src\main\AndroidManifest.xml:7:9-38
		INJECTED from src\main\AndroidManifest.xml
		INJECTED from src\main\AndroidManifest.xml
	android:minSdkVersion
		ADDED from src\main\AndroidManifest.xml:6:9-35
		INJECTED from src\main\AndroidManifest.xml
		INJECTED from src\main\AndroidManifest.xml
uses-feature#android.hardware.camera.autofocus
ADDED from src\main\AndroidManifest.xml:9:5-11:36
	android:required
		ADDED from src\main\AndroidManifest.xml:11:9-33
	android:name
		ADDED from src\main\AndroidManifest.xml:10:9-57
uses-feature#0x00020000
ADDED from src\main\AndroidManifest.xml:12:5-14:35
	android:glEsVersion
		ADDED from src\main\AndroidManifest.xml:13:9-41
	android:required
		ADDED from src\main\AndroidManifest.xml:14:9-32
uses-permission#android.permission.CAMERA
ADDED from src\main\AndroidManifest.xml:16:5-65
	android:name
		ADDED from src\main\AndroidManifest.xml:16:22-62
uses-permission#android.permission.WRITE_EXTERNAL_STORAGE
ADDED from src\main\AndroidManifest.xml:17:5-81
	android:name
		ADDED from src\main\AndroidManifest.xml:17:22-78
uses-permission#android.permission.READ_PHONE_STATE
ADDED from src\main\AndroidManifest.xml:18:5-75
	android:name
		ADDED from src\main\AndroidManifest.xml:18:22-72
uses-permission#android.permission.READ_EXTERNAL_STORAGE
ADDED from src\main\AndroidManifest.xml:19:5-80
	android:name
		ADDED from src\main\AndroidManifest.xml:19:22-77
application
ADDED from src\main\AndroidManifest.xml:21:5-38:19
MERGED from [com.android.support.constraint:constraint-layout:1.0.2] AndroidManifest.xml:9:5-20
MERGED from [com.android.support.constraint:constraint-layout:1.0.2] AndroidManifest.xml:9:5-20
	android:label
		ADDED from src\main\AndroidManifest.xml:24:9-41
	android:icon
		ADDED from src\main\AndroidManifest.xml:23:9-45
	android:allowBackup
		ADDED from src\main\AndroidManifest.xml:22:9-35
	android:theme
		ADDED from src\main\AndroidManifest.xml:25:9-40
uses-library#com.projecttango.libtango_device2
ADDED from src\main\AndroidManifest.xml:26:9-28:39
	android:required
		ADDED from src\main\AndroidManifest.xml:28:13-36
	android:name
		ADDED from src\main\AndroidManifest.xml:27:13-61
activity#de.fhws.mobcom.ardog.MainActivity
ADDED from src\main\AndroidManifest.xml:29:9-37:20
	android:label
		ADDED from src\main\AndroidManifest.xml:31:13-50
	android:configChanges
		ADDED from src\main\AndroidManifest.xml:30:13-59
	android:name
		ADDED from src\main\AndroidManifest.xml:29:19-47
intent-filter#android.intent.action.MAIN+android.intent.category.LAUNCHER
ADDED from src\main\AndroidManifest.xml:32:13-36:29
action#android.intent.action.MAIN
ADDED from src\main\AndroidManifest.xml:33:17-69
	android:name
		ADDED from src\main\AndroidManifest.xml:33:25-66
category#android.intent.category.LAUNCHER
ADDED from src\main\AndroidManifest.xml:35:17-77
	android:name
		ADDED from src\main\AndroidManifest.xml:35:27-74